2018-10-19 21:31:25 c.e.s.SpringbootvueApplication Starting SpringbootvueApplication on ITI-00601- with PID 16156 (D:\THE_LAB\SpringBootVueJs\target\classes started by ryan.hidayat in D:\THE_LAB\SpringBootVueJs)
2018-10-19 21:31:25 c.e.s.SpringbootvueApplication No active profile set, falling back to default profiles: default
2018-10-19 21:31:26 o.s.b.w.s.c.AnnotationConfigServletWebServerApplicationContext Refreshing org.springframework.boot.web.servlet.context.AnnotationConfigServletWebServerApplicationContext@59fd97a8: startup date [Fri Oct 19 21:31:26 ICT 2018]; root of context hierarchy
2018-10-19 21:31:43 o.s.c.s.PostProcessorRegistrationDelegate$BeanPostProcessorChecker Bean 'org.springframework.transaction.annotation.ProxyTransactionManagementConfiguration' of type [org.springframework.transaction.annotation.ProxyTransactionManagementConfiguration$$EnhancerBySpringCGLIB$$e865230e] is not eligible for getting processed by all BeanPostProcessors (for example: not eligible for auto-proxying)
2018-10-19 21:31:53 o.s.b.w.e.tomcat.TomcatWebServer Tomcat initialized with port(s): 8080 (http)
2018-10-19 21:31:54 o.a.coyote.http11.Http11NioProtocol Initializing ProtocolHandler ["http-nio-8080"]
2018-10-19 21:31:54 o.a.catalina.core.StandardService Starting service [Tomcat]
2018-10-19 21:31:54 o.a.catalina.core.StandardEngine Starting Servlet Engine: Apache Tomcat/8.5.34
2018-10-19 21:31:54 o.a.c.core.AprLifecycleListener The APR based Apache Tomcat Native library which allows optimal performance in production environments was not found on the java.library.path: [C:\Program Files\Java\jdk1.8.0_181\bin;C:\WINDOWS\Sun\Java\bin;C:\WINDOWS\system32;C:\WINDOWS;C:\Program Files\Docker\Docker\Resources\bin;C:\Program Files\Microsoft MPI\Bin\;C:\Program Files (x86)\Common Files\Oracle\Java\javapath;C:\WINDOWS\system32;C:\WINDOWS;C:\WINDOWS\System32\Wbem;C:\WINDOWS\System32\WindowsPowerShell\v1.0\;C:\WINDOWS\System32\OpenSSH\;C:\Program Files (x86)\Windows Kits\8.1\Windows Performance Toolkit\;C:\Program Files\Microsoft SQL Server\110\Tools\Binn\;C:\Program Files (x86)\Microsoft SQL Server\140\Tools\Binn\;C:\Program Files\TortoiseSVN\bin;C:\Program Files\Microsoft VS Code\bin;C:\Program Files\Git\cmd;C:\Program Files (x86)\Microsoft SQL Server\Client SDK\ODBC\130\Tools\Binn\;C:\Program Files (x86)\Microsoft SQL Server\140\DTS\Binn\;C:\Program Files (x86)\Microsoft SQL Server\140\Tools\Binn\ManagementStudio\;C:\Program Files\Microsoft SQL Server\140\Tools\Binn\;C:\Program Files\Microsoft SQL Server\140\DTS\Binn\;C:\Program Files\Microsoft SQL Server\Client SDK\ODBC\130\Tools\Binn\;C:\maven\\bin;C:\Program Files\Java\jdk1.8.0_181\bin;C:\Program Files\nodejs\;C:\Users\ryan.hidayat\AppData\Local\Microsoft\WindowsApps;C:\Users\ryan.hidayat\AppData\Roaming\npm;.]
2018-10-19 21:31:58 o.a.c.c.C.[Tomcat].[localhost].[/] Initializing Spring embedded WebApplicationContext
2018-10-19 21:31:58 o.s.web.context.ContextLoader Root WebApplicationContext: initialization completed in 32177 ms
2018-10-19 21:31:58 o.s.b.w.s.ServletRegistrationBean Servlet dispatcherServlet mapped to [/]
2018-10-19 21:31:58 o.s.b.w.s.FilterRegistrationBean Mapping filter: 'characterEncodingFilter' to: [/*]
2018-10-19 21:31:58 o.s.b.w.s.FilterRegistrationBean Mapping filter: 'hiddenHttpMethodFilter' to: [/*]
2018-10-19 21:31:58 o.s.b.w.s.FilterRegistrationBean Mapping filter: 'httpPutFormContentFilter' to: [/*]
2018-10-19 21:31:58 o.s.b.w.s.FilterRegistrationBean Mapping filter: 'requestContextFilter' to: [/*]
2018-10-19 21:32:00 com.zaxxer.hikari.HikariDataSource HikariPool-1 - Starting...
2018-10-19 21:32:01 com.zaxxer.hikari.HikariDataSource HikariPool-1 - Start completed.
2018-10-19 21:32:02 o.s.o.j.LocalContainerEntityManagerFactoryBean Building JPA container EntityManagerFactory for persistence unit 'default'
2018-10-19 21:32:02 o.h.jpa.internal.util.LogHelper HHH000204: Processing PersistenceUnitInfo [
	name: default
	...]
2018-10-19 21:32:04 org.hibernate.Version HHH000412: Hibernate Core {5.2.17.Final}
2018-10-19 21:32:04 org.hibernate.cfg.Environment HHH000206: hibernate.properties not found
2018-10-19 21:32:05 o.h.annotations.common.Version HCANN000001: Hibernate Commons Annotations {5.0.1.Final}
2018-10-19 21:32:08 org.hibernate.dialect.Dialect HHH000400: Using dialect: org.hibernate.dialect.MySQL5Dialect
2018-10-19 21:32:17 o.s.o.j.LocalContainerEntityManagerFactoryBean Initialized JPA EntityManagerFactory for persistence unit 'default'
2018-10-19 21:32:22 o.s.w.s.h.SimpleUrlHandlerMapping Mapped URL path [/**/favicon.ico] onto handler of type [class org.springframework.web.servlet.resource.ResourceHttpRequestHandler]
2018-10-19 21:32:24 o.s.w.s.m.m.a.RequestMappingHandlerAdapter Looking for @ControllerAdvice: org.springframework.boot.web.servlet.context.AnnotationConfigServletWebServerApplicationContext@59fd97a8: startup date [Fri Oct 19 21:31:26 ICT 2018]; root of context hierarchy
2018-10-19 21:32:25 o.s.b.a.o.j.JpaBaseConfiguration$JpaWebConfiguration$JpaWebMvcConfiguration spring.jpa.open-in-view is enabled by default. Therefore, database queries may be performed during view rendering. Explicitly configure spring.jpa.open-in-view to disable this warning
2018-10-19 21:32:25 o.s.w.s.m.m.a.RequestMappingHandlerMapping Mapped "{[/api/customer/{id}],methods=[PUT]}" onto public org.springframework.http.ResponseEntity<com.example.springbootvue.model.Customer> com.example.springbootvue.Controller.CustomerController.updateCustomer(long,com.example.springbootvue.model.Customer)
2018-10-19 21:32:25 o.s.w.s.m.m.a.RequestMappingHandlerMapping Mapped "{[/api/customer],methods=[POST]}" onto public com.example.springbootvue.model.Customer com.example.springbootvue.Controller.CustomerController.postCustomer(com.example.springbootvue.model.Customer)
2018-10-19 21:32:25 o.s.w.s.m.m.a.RequestMappingHandlerMapping Mapped "{[/api/customer/{id}],methods=[DELETE]}" onto public org.springframework.http.ResponseEntity<java.lang.String> com.example.springbootvue.Controller.CustomerController.deleteCustomer(long)
2018-10-19 21:32:25 o.s.w.s.m.m.a.RequestMappingHandlerMapping Mapped "{[/api/customers],methods=[GET]}" onto public java.util.List<com.example.springbootvue.model.Customer> com.example.springbootvue.Controller.CustomerController.getAllCustomers()
2018-10-19 21:32:25 o.s.w.s.m.m.a.RequestMappingHandlerMapping Mapped "{[/api/customers/{age}],methods=[GET]}" onto public java.util.List<com.example.springbootvue.model.Customer> com.example.springbootvue.Controller.CustomerController.findCustomerByAge(int)
2018-10-19 21:32:25 o.s.w.s.m.m.a.RequestMappingHandlerMapping Mapped "{[/error]}" onto public org.springframework.http.ResponseEntity<java.util.Map<java.lang.String, java.lang.Object>> org.springframework.boot.autoconfigure.web.servlet.error.BasicErrorController.error(javax.servlet.http.HttpServletRequest)
2018-10-19 21:32:25 o.s.w.s.m.m.a.RequestMappingHandlerMapping Mapped "{[/error],produces=[text/html]}" onto public org.springframework.web.servlet.ModelAndView org.springframework.boot.autoconfigure.web.servlet.error.BasicErrorController.errorHtml(javax.servlet.http.HttpServletRequest,javax.servlet.http.HttpServletResponse)
2018-10-19 21:32:25 o.s.w.s.h.SimpleUrlHandlerMapping Mapped URL path [/webjars/**] onto handler of type [class org.springframework.web.servlet.resource.ResourceHttpRequestHandler]
2018-10-19 21:32:25 o.s.w.s.h.SimpleUrlHandlerMapping Mapped URL path [/**] onto handler of type [class org.springframework.web.servlet.resource.ResourceHttpRequestHandler]
2018-10-19 21:32:27 o.s.j.e.a.AnnotationMBeanExporter Registering beans for JMX exposure on startup
2018-10-19 21:32:27 o.s.j.e.a.AnnotationMBeanExporter Bean with name 'dataSource' has been autodetected for JMX exposure
2018-10-19 21:32:27 o.s.j.e.a.AnnotationMBeanExporter Located MBean 'dataSource': registering with JMX server as MBean [com.zaxxer.hikari:name=dataSource,type=HikariDataSource]
2018-10-19 21:32:27 o.a.coyote.http11.Http11NioProtocol Starting ProtocolHandler ["http-nio-8080"]
2018-10-19 21:32:27 o.a.tomcat.util.net.NioSelectorPool Using a shared selector for servlet write/read
2018-10-19 21:32:27 o.s.b.w.e.tomcat.TomcatWebServer Tomcat started on port(s): 8080 (http) with context path ''
2018-10-19 21:32:27 c.e.s.SpringbootvueApplication Started SpringbootvueApplication in 82.571 seconds (JVM running for 109.875)
2018-10-19 21:36:07 o.a.c.c.C.[Tomcat].[localhost].[/] Initializing Spring FrameworkServlet 'dispatcherServlet'
2018-10-19 21:36:07 o.s.web.servlet.DispatcherServlet FrameworkServlet 'dispatcherServlet': initialization started
2018-10-19 21:36:07 o.s.web.servlet.DispatcherServlet FrameworkServlet 'dispatcherServlet': initialization completed in 46 ms
2018-10-19 21:41:57 c.e.s.Controller.CustomerController Adding customer with name Ryan, and age 20
2018-10-19 21:42:01 c.e.s.Controller.CustomerController Success save into db name : Ryan
2018-10-19 21:42:09 c.e.s.Controller.CustomerController Adding customer with name Ryan, and age 20
2018-10-19 21:42:09 c.e.s.Controller.CustomerController Success save into db name : Ryan
2018-10-19 21:42:34 o.s.w.s.m.s.DefaultHandlerExceptionResolver Resolved [org.springframework.web.HttpRequestMethodNotSupportedException: Request method 'PUT' not supported]
2018-10-19 21:43:17 c.e.s.Controller.CustomerController Adding customer with name Thebloez, and age 25
2018-10-19 21:43:17 c.e.s.Controller.CustomerController Success save into db name : Thebloez
2018-10-19 21:44:55 c.e.s.SpringbootvueApplication Starting SpringbootvueApplication on ITI-00601- with PID 16548 (D:\THE_LAB\SpringBootVueJs\target\classes started by ryan.hidayat in D:\THE_LAB\SpringBootVueJs)
2018-10-19 21:44:55 c.e.s.SpringbootvueApplication No active profile set, falling back to default profiles: default
2018-10-19 21:44:56 o.s.b.w.s.c.AnnotationConfigServletWebServerApplicationContext Refreshing org.springframework.boot.web.servlet.context.AnnotationConfigServletWebServerApplicationContext@56620197: startup date [Fri Oct 19 21:44:56 ICT 2018]; root of context hierarchy
2018-10-19 21:45:03 o.s.c.s.PostProcessorRegistrationDelegate$BeanPostProcessorChecker Bean 'org.springframework.transaction.annotation.ProxyTransactionManagementConfiguration' of type [org.springframework.transaction.annotation.ProxyTransactionManagementConfiguration$$EnhancerBySpringCGLIB$$76c65b0c] is not eligible for getting processed by all BeanPostProcessors (for example: not eligible for auto-proxying)
2018-10-19 21:45:11 o.s.b.w.e.tomcat.TomcatWebServer Tomcat initialized with port(s): 8080 (http)
2018-10-19 21:45:11 o.a.coyote.http11.Http11NioProtocol Initializing ProtocolHandler ["http-nio-8080"]
2018-10-19 21:45:11 o.a.catalina.core.StandardService Starting service [Tomcat]
2018-10-19 21:45:11 o.a.catalina.core.StandardEngine Starting Servlet Engine: Apache Tomcat/8.5.34
2018-10-19 21:45:12 o.a.c.core.AprLifecycleListener The APR based Apache Tomcat Native library which allows optimal performance in production environments was not found on the java.library.path: [C:\Program Files\Java\jdk1.8.0_181\bin;C:\WINDOWS\Sun\Java\bin;C:\WINDOWS\system32;C:\WINDOWS;C:\Program Files\Docker\Docker\Resources\bin;C:\Program Files\Microsoft MPI\Bin\;C:\Program Files (x86)\Common Files\Oracle\Java\javapath;C:\WINDOWS\system32;C:\WINDOWS;C:\WINDOWS\System32\Wbem;C:\WINDOWS\System32\WindowsPowerShell\v1.0\;C:\WINDOWS\System32\OpenSSH\;C:\Program Files (x86)\Windows Kits\8.1\Windows Performance Toolkit\;C:\Program Files\Microsoft SQL Server\110\Tools\Binn\;C:\Program Files (x86)\Microsoft SQL Server\140\Tools\Binn\;C:\Program Files\TortoiseSVN\bin;C:\Program Files\Microsoft VS Code\bin;C:\Program Files\Git\cmd;C:\Program Files (x86)\Microsoft SQL Server\Client SDK\ODBC\130\Tools\Binn\;C:\Program Files (x86)\Microsoft SQL Server\140\DTS\Binn\;C:\Program Files (x86)\Microsoft SQL Server\140\Tools\Binn\ManagementStudio\;C:\Program Files\Microsoft SQL Server\140\Tools\Binn\;C:\Program Files\Microsoft SQL Server\140\DTS\Binn\;C:\Program Files\Microsoft SQL Server\Client SDK\ODBC\130\Tools\Binn\;C:\maven\\bin;C:\Program Files\Java\jdk1.8.0_181\bin;C:\Program Files\nodejs\;C:\Users\ryan.hidayat\AppData\Local\Microsoft\WindowsApps;C:\Users\ryan.hidayat\AppData\Roaming\npm;.]
2018-10-19 21:45:13 o.a.c.c.C.[Tomcat].[localhost].[/] Initializing Spring embedded WebApplicationContext
2018-10-19 21:45:13 o.s.web.context.ContextLoader Root WebApplicationContext: initialization completed in 17201 ms
2018-10-19 21:45:13 o.s.b.w.s.ServletRegistrationBean Servlet dispatcherServlet mapped to [/]
2018-10-19 21:45:13 o.s.b.w.s.FilterRegistrationBean Mapping filter: 'characterEncodingFilter' to: [/*]
2018-10-19 21:45:13 o.s.b.w.s.FilterRegistrationBean Mapping filter: 'hiddenHttpMethodFilter' to: [/*]
2018-10-19 21:45:13 o.s.b.w.s.FilterRegistrationBean Mapping filter: 'httpPutFormContentFilter' to: [/*]
2018-10-19 21:45:13 o.s.b.w.s.FilterRegistrationBean Mapping filter: 'requestContextFilter' to: [/*]
2018-10-19 21:45:15 com.zaxxer.hikari.HikariDataSource HikariPool-1 - Starting...
2018-10-19 21:45:16 com.zaxxer.hikari.HikariDataSource HikariPool-1 - Start completed.
2018-10-19 21:45:16 o.s.o.j.LocalContainerEntityManagerFactoryBean Building JPA container EntityManagerFactory for persistence unit 'default'
2018-10-19 21:45:17 o.h.jpa.internal.util.LogHelper HHH000204: Processing PersistenceUnitInfo [
	name: default
	...]
2018-10-19 21:45:20 org.hibernate.Version HHH000412: Hibernate Core {5.2.17.Final}
2018-10-19 21:45:20 org.hibernate.cfg.Environment HHH000206: hibernate.properties not found
2018-10-19 21:45:21 o.h.annotations.common.Version HCANN000001: Hibernate Commons Annotations {5.0.1.Final}
2018-10-19 21:45:25 org.hibernate.dialect.Dialect HHH000400: Using dialect: org.hibernate.dialect.MySQL5Dialect
2018-10-19 21:45:35 o.s.o.j.LocalContainerEntityManagerFactoryBean Initialized JPA EntityManagerFactory for persistence unit 'default'
2018-10-19 21:45:38 o.s.w.s.h.SimpleUrlHandlerMapping Mapped URL path [/**/favicon.ico] onto handler of type [class org.springframework.web.servlet.resource.ResourceHttpRequestHandler]
2018-10-19 21:45:39 o.s.w.s.m.m.a.RequestMappingHandlerAdapter Looking for @ControllerAdvice: org.springframework.boot.web.servlet.context.AnnotationConfigServletWebServerApplicationContext@56620197: startup date [Fri Oct 19 21:44:56 ICT 2018]; root of context hierarchy
2018-10-19 21:45:39 o.s.b.a.o.j.JpaBaseConfiguration$JpaWebConfiguration$JpaWebMvcConfiguration spring.jpa.open-in-view is enabled by default. Therefore, database queries may be performed during view rendering. Explicitly configure spring.jpa.open-in-view to disable this warning
2018-10-19 21:45:39 o.s.w.s.m.m.a.RequestMappingHandlerMapping Mapped "{[/api/customer/{id}],methods=[PUT]}" onto public org.springframework.http.ResponseEntity<com.example.springbootvue.model.Customer> com.example.springbootvue.Controller.CustomerController.updateCustomer(long,com.example.springbootvue.model.Customer)
2018-10-19 21:45:39 o.s.w.s.m.m.a.RequestMappingHandlerMapping Mapped "{[/api/customers],methods=[GET]}" onto public java.util.List<com.example.springbootvue.model.Customer> com.example.springbootvue.Controller.CustomerController.getAllCustomers()
2018-10-19 21:45:39 o.s.w.s.m.m.a.RequestMappingHandlerMapping Mapped "{[/api/customer],methods=[POST]}" onto public com.example.springbootvue.model.Customer com.example.springbootvue.Controller.CustomerController.postCustomer(com.example.springbootvue.model.Customer)
2018-10-19 21:45:39 o.s.w.s.m.m.a.RequestMappingHandlerMapping Mapped "{[/api/customer/{id}],methods=[DELETE]}" onto public org.springframework.http.ResponseEntity<java.lang.String> com.example.springbootvue.Controller.CustomerController.deleteCustomer(long)
2018-10-19 21:45:39 o.s.w.s.m.m.a.RequestMappingHandlerMapping Mapped "{[/api/customers/{age}],methods=[GET]}" onto public java.util.List<com.example.springbootvue.model.Customer> com.example.springbootvue.Controller.CustomerController.findCustomerByAge(int)
2018-10-19 21:45:39 o.s.w.s.m.m.a.RequestMappingHandlerMapping Mapped "{[/error]}" onto public org.springframework.http.ResponseEntity<java.util.Map<java.lang.String, java.lang.Object>> org.springframework.boot.autoconfigure.web.servlet.error.BasicErrorController.error(javax.servlet.http.HttpServletRequest)
2018-10-19 21:45:39 o.s.w.s.m.m.a.RequestMappingHandlerMapping Mapped "{[/error],produces=[text/html]}" onto public org.springframework.web.servlet.ModelAndView org.springframework.boot.autoconfigure.web.servlet.error.BasicErrorController.errorHtml(javax.servlet.http.HttpServletRequest,javax.servlet.http.HttpServletResponse)
2018-10-19 21:45:39 o.s.w.s.h.SimpleUrlHandlerMapping Mapped URL path [/webjars/**] onto handler of type [class org.springframework.web.servlet.resource.ResourceHttpRequestHandler]
2018-10-19 21:45:39 o.s.w.s.h.SimpleUrlHandlerMapping Mapped URL path [/**] onto handler of type [class org.springframework.web.servlet.resource.ResourceHttpRequestHandler]
2018-10-19 21:45:40 o.s.j.e.a.AnnotationMBeanExporter Registering beans for JMX exposure on startup
2018-10-19 21:45:40 o.s.j.e.a.AnnotationMBeanExporter Bean with name 'dataSource' has been autodetected for JMX exposure
2018-10-19 21:45:40 o.s.j.e.a.AnnotationMBeanExporter Located MBean 'dataSource': registering with JMX server as MBean [com.zaxxer.hikari:name=dataSource,type=HikariDataSource]
2018-10-19 21:45:40 o.a.coyote.http11.Http11NioProtocol Starting ProtocolHandler ["http-nio-8080"]
2018-10-19 21:45:40 o.a.tomcat.util.net.NioSelectorPool Using a shared selector for servlet write/read
2018-10-19 21:45:40 o.s.b.w.e.tomcat.TomcatWebServer Tomcat started on port(s): 8080 (http) with context path ''
2018-10-19 21:45:40 c.e.s.SpringbootvueApplication Started SpringbootvueApplication in 54.584 seconds (JVM running for 76.492)
2018-10-19 21:46:11 o.a.c.c.C.[Tomcat].[localhost].[/] Initializing Spring FrameworkServlet 'dispatcherServlet'
2018-10-19 21:46:11 o.s.web.servlet.DispatcherServlet FrameworkServlet 'dispatcherServlet': initialization started
2018-10-19 21:46:11 o.s.web.servlet.DispatcherServlet FrameworkServlet 'dispatcherServlet': initialization completed in 49 ms
2018-10-19 21:46:11 c.e.s.Controller.CustomerController Get all Customers ...
2018-10-19 21:46:13 o.h.h.i.QueryTranslatorFactoryInitiator HHH000397: Using ASTQueryTranslatorFactory
2018-10-19 21:47:21 o.s.w.s.m.s.DefaultHandlerExceptionResolver Resolved [org.springframework.web.HttpRequestMethodNotSupportedException: Request method 'PUT' not supported]
2018-10-19 21:47:39 o.s.w.s.m.s.DefaultHandlerExceptionResolver Resolved [org.springframework.web.method.annotation.MethodArgumentTypeMismatchException: Failed to convert value of type 'java.lang.String' to required type 'long'; nested exception is java.lang.NumberFormatException: For input string: "id=2"]
2018-10-19 21:48:22 c.e.s.Controller.CustomerController try to updating customer with ID 1 
2018-10-19 21:48:22 c.e.s.Controller.CustomerController customer with ID 1 has been updated
2018-10-19 21:48:42 c.e.s.Controller.CustomerController try to updating customer with ID 10 
2018-10-19 21:48:42 c.e.s.Controller.CustomerController customer with ID 10 is not exist
